<?xml version="1.0" encoding="UTF-8"?>
<!-- Generated by org.testng.reporters.JUnitXMLReporter -->
<testsuite ignored="0" hostname="DESKTOP-LI368D8" failures="0" tests="5" name="Default test" time="11.217" errors="0" timestamp="2024-09-29T11:52:28 IST">
  <testcase classname="org.skilljourney.trainings.pom.tests.BasicFormsTest" name="testSubmitBasicForm" time="0.781"/>
  <testcase classname="org.skilljourney.trainings.pom.tests.BasicFormsTest" name="testSubmitBasicForm" time="0.606"/>
  <testcase classname="org.skilljourney.trainings.pom.tests.BasicFormsTest" name="testSubmitBasicForm" time="0.667"/>
  <testcase classname="org.skilljourney.trainings.pom.tests.BasicFormsTest" name="testSubmitBasicForm" time="0.699"/>
  <testcase classname="org.skilljourney.trainings.pom.tests.BasicFormsTest" name="testSubmitBasicForm" time="0.694"/>
</testsuite> <!-- Default test -->
